<?xml version="1.0" encoding="UTF-8"?>
<testng-results ignored="0" total="1" passed="1" failed="0" skipped="0">
  <reporter-output>
  </reporter-output>
  <suite started-at="2022-04-22T15:08:53 IST" name="Default suite" finished-at="2022-04-22T15:09:11 IST" duration-ms="18194">
    <groups>
    </groups>
    <test started-at="2022-04-22T15:08:53 IST" name="Default test" finished-at="2022-04-22T15:09:11 IST" duration-ms="18194">
      <class name="main.testcase.KeywordTest">
        <test-method is-config="true" signature="setup()[pri:0, instance:main.testcase.KeywordTest@4d02f94e]" started-at="2022-04-22T15:08:53 IST" name="setup" finished-at="2022-04-22T15:08:56 IST" duration-ms="2672" status="PASS">
          <reporter-output>
          </reporter-output>
        </test-method> <!-- setup -->
        <test-method signature="tc_01()[pri:0, instance:main.testcase.KeywordTest@4d02f94e]" started-at="2022-04-22T15:08:56 IST" name="tc_01" finished-at="2022-04-22T15:09:11 IST" duration-ms="15470" status="PASS">
          <reporter-output>
          </reporter-output>
        </test-method> <!-- tc_01 -->
        <test-method is-config="true" signature="closeBrowser()[pri:0, instance:main.testcase.KeywordTest@4d02f94e]" started-at="2022-04-22T15:09:11 IST" name="closeBrowser" finished-at="2022-04-22T15:09:11 IST" duration-ms="0" status="PASS">
          <reporter-output>
          </reporter-output>
        </test-method> <!-- closeBrowser -->
      </class> <!-- main.testcase.KeywordTest -->
    </test> <!-- Default test -->
  </suite> <!-- Default suite -->
</testng-results>
